<?xml version="1.0" encoding="UTF-8"?>
<coverage generated="1684837400008" clover="3.2.0">
  <project timestamp="1684837400008" name="All files">
    <metrics statements="31" coveredstatements="31" conditionals="18" coveredconditionals="18" methods="11" coveredmethods="11" elements="60" coveredelements="60" complexity="0" loc="31" ncloc="31" packages="1" files="2" classes="2"/>
    <file name="bankAccount.js" path="/Users/quddusrahman/Documents/Projects/bank-tech-test/src/bankAccount.js">
      <metrics statements="16" coveredstatements="16" conditionals="8" coveredconditionals="8" methods="6" coveredmethods="6"/>
      <line num="1" count="1" type="stmt"/>
      <line num="5" count="10" type="stmt"/>
      <line num="6" count="10" type="stmt"/>
      <line num="10" count="9" type="stmt"/>
      <line num="14" count="5" type="cond" truecount="2" falsecount="0"/>
      <line num="15" count="1" type="stmt"/>
      <line num="17" count="4" type="stmt"/>
      <line num="21" count="9" type="stmt"/>
      <line num="22" count="9" type="stmt"/>
      <line num="26" count="9" type="cond" truecount="2" falsecount="0"/>
      <line num="30" count="13" type="stmt"/>
      <line num="31" count="9" type="stmt"/>
      <line num="32" count="9" type="stmt"/>
      <line num="36" count="13" type="cond" truecount="4" falsecount="0"/>
      <line num="37" count="4" type="stmt"/>
      <line num="42" count="1" type="stmt"/>
    </file>
    <file name="transaction.js" path="/Users/quddusrahman/Documents/Projects/bank-tech-test/src/transaction.js">
      <metrics statements="15" coveredstatements="15" conditionals="10" coveredconditionals="10" methods="5" coveredmethods="5"/>
      <line num="3" count="12" type="stmt"/>
      <line num="4" count="12" type="stmt"/>
      <line num="5" count="9" type="stmt"/>
      <line num="6" count="6" type="stmt"/>
      <line num="10" count="12" type="stmt"/>
      <line num="14" count="12" type="cond" truecount="4" falsecount="0"/>
      <line num="15" count="3" type="stmt"/>
      <line num="17" count="9" type="stmt"/>
      <line num="21" count="9" type="cond" truecount="4" falsecount="0"/>
      <line num="22" count="3" type="stmt"/>
      <line num="24" count="6" type="stmt"/>
      <line num="28" count="6" type="cond" truecount="2" falsecount="0"/>
      <line num="29" count="2" type="stmt"/>
      <line num="31" count="4" type="stmt"/>
      <line num="35" count="2" type="stmt"/>
    </file>
  </project>
</coverage>
