<?xml version="1.0" encoding="UTF-8"?>
<coverage generated="1684834757836" clover="3.2.0">
  <project timestamp="1684834757836" name="All files">
    <metrics statements="29" coveredstatements="29" conditionals="16" coveredconditionals="16" methods="8" coveredmethods="8" elements="53" coveredelements="53" complexity="0" loc="29" ncloc="29" packages="1" files="2" classes="2"/>
    <file name="bankAccount.js" path="/Users/quddusrahman/Documents/Projects/bank-tech-test/src/bankAccount.js">
      <metrics statements="14" coveredstatements="14" conditionals="6" coveredconditionals="6" methods="3" coveredmethods="3"/>
      <line num="1" count="1" type="stmt"/>
      <line num="5" count="9" type="stmt"/>
      <line num="6" count="9" type="stmt"/>
      <line num="10" count="8" type="stmt"/>
      <line num="11" count="6" type="stmt"/>
      <line num="13" count="6" type="stmt"/>
      <line num="14" count="6" type="stmt"/>
      <line num="18" count="12" type="cond" truecount="4" falsecount="0"/>
      <line num="19" count="4" type="stmt"/>
      <line num="24" count="4" type="stmt"/>
      <line num="26" count="2" type="cond" truecount="2" falsecount="0"/>
      <line num="27" count="1" type="stmt"/>
      <line num="30" count="1" type="stmt"/>
      <line num="34" count="1" type="stmt"/>
    </file>
    <file name="transaction.js" path="/Users/quddusrahman/Documents/Projects/bank-tech-test/src/transaction.js">
      <metrics statements="15" coveredstatements="15" conditionals="10" coveredconditionals="10" methods="5" coveredmethods="5"/>
      <line num="3" count="12" type="stmt"/>
      <line num="4" count="12" type="stmt"/>
      <line num="5" count="9" type="stmt"/>
      <line num="6" count="6" type="stmt"/>
      <line num="10" count="12" type="stmt"/>
      <line num="14" count="12" type="cond" truecount="4" falsecount="0"/>
      <line num="15" count="3" type="stmt"/>
      <line num="17" count="9" type="stmt"/>
      <line num="21" count="9" type="cond" truecount="4" falsecount="0"/>
      <line num="22" count="3" type="stmt"/>
      <line num="24" count="6" type="stmt"/>
      <line num="28" count="6" type="cond" truecount="2" falsecount="0"/>
      <line num="29" count="2" type="stmt"/>
      <line num="31" count="4" type="stmt"/>
      <line num="35" count="2" type="stmt"/>
    </file>
  </project>
</coverage>
