TN:
SF:src/bankAccount.js
FN:4,(anonymous_0)
FN:9,(anonymous_1)
FN:13,(anonymous_2)
FN:20,(anonymous_3)
FN:25,(anonymous_4)
FN:29,(anonymous_5)
FNF:6
FNH:6
FNDA:15,(anonymous_0)
FNDA:14,(anonymous_1)
FNDA:8,(anonymous_2)
FNDA:15,(anonymous_3)
FNDA:15,(anonymous_4)
FNDA:21,(anonymous_5)
DA:1,2
DA:5,15
DA:6,15
DA:10,14
DA:14,8
DA:15,1
DA:17,7
DA:21,15
DA:22,15
DA:26,15
DA:30,21
DA:31,15
DA:32,15
DA:36,21
DA:37,4
DA:39,17
DA:40,2
DA:45,2
LF:18
LH:18
BRDA:14,0,0,1
BRDA:14,0,1,7
BRDA:26,1,0,11
BRDA:26,1,1,4
BRDA:36,2,0,4
BRDA:36,2,1,17
BRDA:36,3,0,21
BRDA:36,3,1,19
BRDA:39,4,0,2
BRDA:39,4,1,15
BRDA:39,5,0,17
BRDA:39,5,1,2
BRF:12
BRH:12
end_of_record
TN:
SF:src/statement.js
FN:4,(anonymous_0)
FN:8,(anonymous_1)
FN:11,(anonymous_2)
FN:12,(anonymous_3)
FN:18,(anonymous_4)
FN:28,(anonymous_5)
FN:36,(anonymous_6)
FNF:7
FNH:7
FNDA:6,(anonymous_0)
FNDA:6,(anonymous_1)
FNDA:6,(anonymous_2)
FNDA:11,(anonymous_3)
FNDA:11,(anonymous_4)
FNDA:11,(anonymous_5)
FNDA:22,(anonymous_6)
DA:1,2
DA:5,6
DA:9,6
DA:11,6
DA:12,11
DA:15,6
DA:19,11
DA:20,11
DA:21,11
DA:23,11
DA:29,11
DA:30,11
DA:31,11
DA:32,11
DA:33,11
DA:37,22
DA:41,2
LF:17
LH:17
BRDA:15,0,0,5
BRDA:15,0,1,1
BRDA:23,1,0,7
BRDA:23,1,1,4
BRF:4
BRH:4
end_of_record
TN:
SF:src/transaction.js
FN:2,(anonymous_0)
FN:9,(anonymous_1)
FN:13,(anonymous_2)
FN:20,(anonymous_3)
FN:27,(anonymous_4)
FNF:5
FNH:5
FNDA:17,(anonymous_0)
FNDA:17,(anonymous_1)
FNDA:17,(anonymous_2)
FNDA:14,(anonymous_3)
FNDA:11,(anonymous_4)
DA:3,17
DA:4,17
DA:5,14
DA:6,11
DA:10,17
DA:14,17
DA:15,3
DA:17,14
DA:21,14
DA:22,3
DA:24,11
DA:28,11
DA:29,2
DA:31,9
DA:35,3
LF:15
LH:15
BRDA:14,0,0,3
BRDA:14,0,1,14
BRDA:14,1,0,17
BRDA:14,1,1,16
BRDA:21,2,0,3
BRDA:21,2,1,11
BRDA:21,3,0,14
BRDA:21,3,1,14
BRDA:28,4,0,2
BRDA:28,4,1,9
BRF:10
BRH:10
end_of_record
