TN:
SF:src/bankAccount.js
FN:4,(anonymous_0)
FN:9,(anonymous_1)
FN:13,(anonymous_2)
FN:20,(anonymous_3)
FN:25,(anonymous_4)
FN:29,(anonymous_5)
FNF:6
FNH:6
FNDA:17,(anonymous_0)
FNDA:17,(anonymous_1)
FNDA:10,(anonymous_2)
FNDA:17,(anonymous_3)
FNDA:17,(anonymous_4)
FNDA:25,(anonymous_5)
DA:1,2
DA:5,17
DA:6,17
DA:10,17
DA:14,10
DA:15,2
DA:17,8
DA:21,17
DA:22,17
DA:26,17
DA:30,25
DA:31,17
DA:32,17
DA:36,25
DA:37,6
DA:39,19
DA:40,2
DA:45,2
LF:18
LH:18
BRDA:14,0,0,2
BRDA:14,0,1,8
BRDA:26,1,0,13
BRDA:26,1,1,4
BRDA:36,2,0,6
BRDA:36,2,1,19
BRDA:36,3,0,25
BRDA:36,3,1,21
BRDA:39,4,0,2
BRDA:39,4,1,17
BRDA:39,5,0,19
BRDA:39,5,1,2
BRF:12
BRH:12
end_of_record
TN:
SF:src/statement.js
FN:4,(anonymous_0)
FN:8,(anonymous_1)
FN:11,(anonymous_2)
FN:12,(anonymous_3)
FN:18,(anonymous_4)
FN:28,(anonymous_5)
FN:36,(anonymous_6)
FNF:7
FNH:7
FNDA:6,(anonymous_0)
FNDA:6,(anonymous_1)
FNDA:6,(anonymous_2)
FNDA:11,(anonymous_3)
FNDA:11,(anonymous_4)
FNDA:11,(anonymous_5)
FNDA:22,(anonymous_6)
DA:1,2
DA:5,6
DA:9,6
DA:11,6
DA:12,11
DA:15,6
DA:19,11
DA:20,11
DA:21,11
DA:23,11
DA:29,11
DA:30,11
DA:31,11
DA:32,11
DA:33,11
DA:37,22
DA:41,2
LF:17
LH:17
BRDA:15,0,0,5
BRDA:15,0,1,1
BRDA:23,1,0,7
BRDA:23,1,1,4
BRF:4
BRH:4
end_of_record
TN:
SF:src/transaction.js
FN:2,(anonymous_0)
FN:9,(anonymous_1)
FN:13,(anonymous_2)
FN:20,(anonymous_3)
FN:27,(anonymous_4)
FNF:5
FNH:5
FNDA:19,(anonymous_0)
FNDA:19,(anonymous_1)
FNDA:19,(anonymous_2)
FNDA:16,(anonymous_3)
FNDA:13,(anonymous_4)
DA:3,19
DA:4,19
DA:5,16
DA:6,13
DA:10,19
DA:14,19
DA:15,3
DA:17,16
DA:21,16
DA:22,3
DA:24,13
DA:28,13
DA:29,2
DA:31,11
DA:35,3
LF:15
LH:15
BRDA:14,0,0,3
BRDA:14,0,1,16
BRDA:14,1,0,19
BRDA:14,1,1,18
BRDA:21,2,0,3
BRDA:21,2,1,13
BRDA:21,3,0,16
BRDA:21,3,1,16
BRDA:28,4,0,2
BRDA:28,4,1,11
BRF:10
BRH:10
end_of_record
